<?xml version="1.0" encoding="UTF-8"?>
<!-- Generated by org.testng.reporters.JUnitReportReporter -->
<testsuite hostname="LAPTOP-3TCEP752" failures="0" tests="3" name="diyBackend.DIY" time="52.918" errors="0" timestamp="2024-05-07T10:07:11 IST" skipped="0">
  <testcase classname="diyBackend.DIY" name="loginTest" time="17.597"/>
  <system-out/>
  <testcase classname="diyBackend.DIY" name="loginTest" time="17.992"/>
  <system-out/>
  <testcase classname="diyBackend.DIY" name="loginTest" time="17.329"/>
  <system-out/>
</testsuite> <!-- diyBackend.DIY -->
