<?xml version="1.0" encoding="UTF-8"?>
<!-- Generated by org.testng.reporters.JUnitReportReporter -->
<testsuite hostname="LAPTOP-3TCEP752" failures="0" tests="2" name="diyBackend.DIY" time="35.232" errors="0" timestamp="2024-05-06T18:25:02 IST" skipped="0">
  <testcase classname="diyBackend.DIY" name="loginTest" time="16.945"/>
  <system-out/>
  <testcase classname="diyBackend.DIY" name="loginTest" time="18.287"/>
  <system-out/>
</testsuite> <!-- diyBackend.DIY -->
